[debug] [2023-09-08T19:59:41.501Z] ----------------------------------------------------------------------
[debug] [2023-09-08T19:59:41.502Z] Command:       D:\react files\node.exe C:\Users\sachi\AppData\Roaming\npm\node_modules\firebase-tools\lib\bin\firebase.js init
[debug] [2023-09-08T19:59:41.502Z] CLI Version:   12.5.3
[debug] [2023-09-08T19:59:41.503Z] Platform:      win32
[debug] [2023-09-08T19:59:41.503Z] Node Version:  v18.17.1
[debug] [2023-09-08T19:59:41.503Z] Time:          Sat Sep 09 2023 01:29:41 GMT+0530 (India Standard Time)
[debug] [2023-09-08T19:59:41.503Z] ----------------------------------------------------------------------
[debug] 
[debug] [2023-09-08T19:59:41.510Z] > command requires scopes: ["email","openid","https://www.googleapis.com/auth/cloudplatformprojects.readonly","https://www.googleapis.com/auth/firebase","https://www.googleapis.com/auth/cloud-platform"]
[debug] [2023-09-08T19:59:41.510Z] > authorizing via signed-in user (sachin8287037611@gmail.com)
[info] 
     ######## #### ########  ######## ########     ###     ######  ########
     ##        ##  ##     ## ##       ##     ##  ##   ##  ##       ##
     ######    ##  ########  ######   ########  #########  ######  ######
     ##        ##  ##    ##  ##       ##     ## ##     ##       ## ##
     ##       #### ##     ## ######## ########  ##     ##  ######  ########

You're about to initialize a Firebase project in this directory:

  D:\faltu\my-webpage

[info] 
=== Project Setup
[info] 
[info] First, let's associate this project directory with a Firebase project.
[info] You can create multiple project aliases by running firebase use --add, 
[info] but for now we'll just set up a default project.
[info] 
[debug] [2023-09-08T20:01:26.101Z] >>> [apiv2][query] GET https://firebase.googleapis.com/v1beta1/projects pageSize=100
[debug] [2023-09-08T20:01:28.907Z] <<< [apiv2][status] GET https://firebase.googleapis.com/v1beta1/projects 200
[debug] [2023-09-08T20:01:28.907Z] <<< [apiv2][body] GET https://firebase.googleapis.com/v1beta1/projects [omitted]
[debug] [2023-09-08T20:02:07.955Z] ----------------------------------------------------------------------
[debug] [2023-09-08T20:02:07.956Z] Command:       D:\react files\node.exe C:\Users\sachi\AppData\Roaming\npm\node_modules\firebase-tools\lib\bin\firebase.js init
[debug] [2023-09-08T20:02:07.957Z] CLI Version:   12.5.3
[debug] [2023-09-08T20:02:07.957Z] Platform:      win32
[debug] [2023-09-08T20:02:07.957Z] Node Version:  v18.17.1
[debug] [2023-09-08T20:02:07.957Z] Time:          Sat Sep 09 2023 01:32:07 GMT+0530 (India Standard Time)
[debug] [2023-09-08T20:02:07.957Z] ----------------------------------------------------------------------
[debug] 
[debug] [2023-09-08T20:02:07.963Z] > command requires scopes: ["email","openid","https://www.googleapis.com/auth/cloudplatformprojects.readonly","https://www.googleapis.com/auth/firebase","https://www.googleapis.com/auth/cloud-platform"]
[debug] [2023-09-08T20:02:07.963Z] > authorizing via signed-in user (sachin8287037611@gmail.com)
[info] 
     ######## #### ########  ######## ########     ###     ######  ########
     ##        ##  ##     ## ##       ##     ##  ##   ##  ##       ##
     ######    ##  ########  ######   ########  #########  ######  ######
     ##        ##  ##    ##  ##       ##     ## ##     ##       ## ##
     ##       #### ##     ## ######## ########  ##     ##  ######  ########

You're about to initialize a Firebase project in this directory:

  D:\faltu\my-webpage

[info] 
=== Project Setup
[info] 
[info] First, let's associate this project directory with a Firebase project.
[info] You can create multiple project aliases by running firebase use --add, 
[info] but for now we'll just set up a default project.
[info] 
[info] i  If you want to create a project in a Google Cloud organization or folder, please use "firebase projects:create" instead, and return to this command when you've created the project. 
[debug] [2023-09-08T20:05:02.551Z] > refreshing access token with scopes: []
[debug] [2023-09-08T20:05:02.553Z] >>> [apiv2][query] POST https://www.googleapis.com/oauth2/v3/token [none]
[debug] [2023-09-08T20:05:02.554Z] >>> [apiv2][body] POST https://www.googleapis.com/oauth2/v3/token [omitted]
[debug] [2023-09-08T20:05:04.558Z] <<< [apiv2][status] POST https://www.googleapis.com/oauth2/v3/token 200
[debug] [2023-09-08T20:05:04.558Z] <<< [apiv2][body] POST https://www.googleapis.com/oauth2/v3/token [omitted]
[debug] [2023-09-08T20:05:04.627Z] >>> [apiv2][query] POST https://cloudresourcemanager.googleapis.com/v1/projects [none]
[debug] [2023-09-08T20:05:04.627Z] >>> [apiv2][body] POST https://cloudresourcemanager.googleapis.com/v1/projects {"projectId":"sachin-dashzer-portfolio-20120327157","name":"sachin-dashzer-portfolio"}
[debug] [2023-09-08T20:05:06.595Z] <<< [apiv2][status] POST https://cloudresourcemanager.googleapis.com/v1/projects 400
[debug] [2023-09-08T20:05:06.595Z] <<< [apiv2][body] POST https://cloudresourcemanager.googleapis.com/v1/projects {"error":{"code":400,"message":"field [project_id] has issue [project_id must be at most 30 characters long]","status":"INVALID_ARGUMENT","details":[{"@type":"type.googleapis.com/google.rpc.BadRequest","fieldViolations":[{"field":"project_id","description":"project_id must be at most 30 characters long"}]},{"@type":"type.googleapis.com/google.rpc.Help","links":[{"url":"https://cloud.google.com/resource-manager/reference/rest/v1/projects"}]}]}}
[debug] [2023-09-08T20:05:06.984Z] FirebaseError: HTTP Error: 400, field [project_id] has issue [project_id must be at most 30 characters long]
    at responseToError (C:\Users\sachi\AppData\Roaming\npm\node_modules\firebase-tools\lib\responseToError.js:49:12)
    at RetryOperation._fn (C:\Users\sachi\AppData\Roaming\npm\node_modules\firebase-tools\lib\apiv2.js:285:77)
    at process.processTicksAndRejections (node:internal/process/task_queues:95:5)
[error] 
[error] Error: Failed to create project. See firebase-debug.log for more info.
